// 重构日志: 4a3f9878
// 同步 ID: f0394328 @ Sat Jun 27 18:21:40 UTC 2026
// 重构日志: 0579ad14
// 重构日志: 619d255e
// 重构日志: ac3b9c9c
// 重构日志: 944f615b
// 同步 ID: df244687 @ Mon Jul  6 12:53:06 UTC 2026
// 重构日志: 4763751f
// 重构日志: e19b3a6e
// 同步 ID: 8a2c2475 @ Thu Jul  9 17:51:13 UTC 2026
// 重构日志: 064548e1
// 重构日志: a028effd
// 同步 ID: ec8ec627 @ Sun Jul 12 12:18:06 UTC 2026
// 同步 ID: 1ff78624 @ Sun Jul 12 20:50:39 UTC 2026
// 重构日志: 631e2ef2
// 重构日志: 2f41ee49
// 重构日志: 91c6bed8
// 重构日志: c29e9f22
// 重构日志: 31f32402
// 重构日志: b5ac3c86
// 同步 ID: ccda4b9f @ Sat Jul 18 11:22:07 UTC 2026
// 重构日志: 6c8becf3
// 同步 ID: 3741ac52 @ Sun Jul 19 10:30:07 UTC 2026
// 重构日志: bb6b453a
// 同步 ID: 244711d1 @ Sun Jul 19 17:31:42 UTC 2026
// 同步 ID: 6bda344e @ Sun Jul 19 18:03:31 UTC 2026
// 同步 ID: 4631de46 @ Tue Jul 21 10:49:15 UTC 2026
// 同步 ID: aa65ac96 @ Wed Jul 22 08:34:37 UTC 2026
// 同步 ID: 627e8ea1 @ Thu Jul 23 11:39:57 UTC 2026
